<?xml version="1.0" encoding="UTF-8"?>
<testng-results skipped="0" failed="0" total="1" passed="1">
  <reporter-output>
  </reporter-output>
  <suite name="Default suite" duration-ms="146" started-at="2018-05-31T03:25:05Z" finished-at="2018-05-31T03:25:06Z">
    <groups>
    </groups>
    <test name="Default test" duration-ms="146" started-at="2018-05-31T03:25:05Z" finished-at="2018-05-31T03:25:06Z">
      <class name="MyTest.TestDemo2">
        <test-method status="PASS" signature="test()[pri:0, instance:MyTest.TestDemo2@6f7fd0e6]" name="test" duration-ms="23" started-at="2018-05-31T11:25:06Z" finished-at="2018-05-31T11:25:06Z">
          <reporter-output>
          </reporter-output>
        </test-method> <!-- test -->
      </class> <!-- MyTest.TestDemo2 -->
      <class name="MyTest.TestDemo">
        <test-method status="PASS" signature="setup()[pri:0, instance:MyTest.TestDemo@27efef64]" name="setup" is-config="true" duration-ms="32" started-at="2018-05-31T11:25:05Z" finished-at="2018-05-31T11:25:06Z">
          <reporter-output>
          </reporter-output>
        </test-method> <!-- setup -->
        <test-method status="PASS" signature="TearDown()[pri:0, instance:MyTest.TestDemo@27efef64]" name="TearDown" is-config="true" duration-ms="2" started-at="2018-05-31T11:25:06Z" finished-at="2018-05-31T11:25:06Z">
          <reporter-output>
          </reporter-output>
        </test-method> <!-- TearDown -->
      </class> <!-- MyTest.TestDemo -->
    </test> <!-- Default test -->
  </suite> <!-- Default suite -->
</testng-results>
